    Processing options file c:\Git_tutorial\vcast\Tutorial\build\4211668324\CCAST_.CFG
    Reading environment script "C:/Git_tutorial/vcast/Tutorial/build/4211668324\MANAGER.env"
    Initializing search list
    Creating the Environment Directory
    Creating Environment "MANAGER"
    Unit 8 (not-stubbed): User Defined Globals
       Parsing 
        Running Command: C:/Users/vjtkty\.vcastProcessMonitorLogs\1_Command
        Command Returned Exit Code: 0
        Running Command: C:/Users/vjtkty\.vcastProcessMonitorLogs\2_Command
        Command Returned Exit Code: 0
       Initializing parse data
        Running Command: C:/Users/vjtkty\.vcastProcessMonitorLogs\3_Command
        Command Returned Exit Code: 0
        Running Command: C:/Users/vjtkty\.vcastProcessMonitorLogs\4_Command
        Command Returned Exit Code: 0
        Running Command: C:/Users/vjtkty\.vcastProcessMonitorLogs\5_Command
        Command Returned Exit Code: 0
        Running Command: C:/Users/vjtkty\.vcastProcessMonitorLogs\6_Command
        Command Returned Exit Code: 0
       Generating harness code
       Saving unit data
    Parsing manager
        Running Command: C:/Users/vjtkty\.vcastProcessMonitorLogs\7_Command
        Command Returned Exit Code: 0
        Running Command: C:/Users/vjtkty\.vcastProcessMonitorLogs\8_Command
        Command Returned Exit Code: 0
    Unit 9 (stub-by-function): manager
       Loading stored IL
       Initializing parse data
        Running Command: C:/Users/vjtkty\.vcastProcessMonitorLogs\9_Command
        Command Returned Exit Code: 0
        Running Command: C:/Users/vjtkty\.vcastProcessMonitorLogs\10_Command
        Command Returned Exit Code: 0
        Running Command: C:/Users/vjtkty\.vcastProcessMonitorLogs\11_Command
        Command Returned Exit Code: 0
        Running Command: C:/Users/vjtkty\.vcastProcessMonitorLogs\12_Command
        Command Returned Exit Code: 0
       Generating harness code
       Saving unit data
    Compiling file VECTORCAST_IO
        Running Command: C:/Users/vjtkty\.vcastProcessMonitorLogs\13_Command
        Command Returned Exit Code: 0
    Compiling file User Defined Globals
        Running Command: C:/Users/vjtkty\.vcastProcessMonitorLogs\14_Command
        Command Returned Exit Code: 0
    Compiling file manager
        Running Command: C:/Users/vjtkty\.vcastProcessMonitorLogs\15_Command
        Command Returned Exit Code: 0
        Running Command: C:/Users/vjtkty\.vcastProcessMonitorLogs\16_Command
        Command Returned Exit Code: 0
        Running Command: C:/Users/vjtkty\.vcastProcessMonitorLogs\17_Command
        Command Returned Exit Code: 0
        Running Command: C:/Users/vjtkty\.vcastProcessMonitorLogs\18_Command
        Command Returned Exit Code: 0
        Running Command: C:/Users/vjtkty\.vcastProcessMonitorLogs\19_Command
        Command Returned Exit Code: 0
    Compiling file Data File Number 1
        Running Command: C:/Users/vjtkty\.vcastProcessMonitorLogs\20_Command
        Command Returned Exit Code: 0
    Compiling file Data File Number 2
        Running Command: C:/Users/vjtkty\.vcastProcessMonitorLogs\21_Command
        Command Returned Exit Code: 0
    Compiling file Driver
        Running Command: C:/Users/vjtkty\.vcastProcessMonitorLogs\22_Command
        Command Returned Exit Code: 0
    Compiling file User Defined Package
        Running Command: C:/Users/vjtkty\.vcastProcessMonitorLogs\23_Command
        Command Returned Exit Code: 0
    Linking Environment
        Running Command: C:/Users/vjtkty\.vcastProcessMonitorLogs\24_Command
        Command Returned Exit Code: 0
        Running Command: C:/Users/vjtkty\.vcastProcessMonitorLogs\25_Command
        Command Returned Exit Code: 0
    Writing VectorCAST Database Files to Disk
    Environment built Successfully
