COMMAND: C:\VCAST\2021sp3\clicast.exe -e MANAGER environment script create C:/Git_tutorial/vcast/Tutorial/build/4211668324/MANAGER.env
DIRECTORY: C:/Git_tutorial/vcast/Tutorial/build/4211668324
TIME: 2021-09-14 13:35:00
TEST SUITE: VectorCAST_MinGW_C/TestSuite
-----------------------------Process Environment------------------------------
VCV_ENVIRONMENT_DIR=c:\Git_tutorial\vcast\Tutorial\build\4211668324\MANAGER
VCV_ENVIRONMENT_NAME=MANAGER
Path=C:\VCAST\2021sp3\MinGW\bin;C:\VCAST\2021sp3\MinGW\bin;C:\HighTec\toolchains\tricore\v4.9.2.0\bin;C:\HighTec\licensemanager;C:\HighTec\toolchains\tricore\v4.9.3.0\bin;C:\Program Files (x86)\GCC for Renesas RL78 4.9.2.201904-GNURL78-ELF\rl78-elf\rl78-elf\bin;C:\Program Files (x86)\GCC for Renesas RX 8.3.0.201904-GNURX-ELF\rx-elf\rx-elf\bin;C:\Program Files (x86)\Vector vFlash 6\Bin\Automation\;C:\Program Files\Python38\Scripts\;C:\Program Files\Python38\;D:\uti\HIGHTEC\toolchains\powerpc\v4.6.6.0\bin;D:\uti\HIGHTEC/licensemanager;C:\oracle\product\12.2.0\client_1\bin;C:\Program Files (x86)\Common Files\Oracle\Java\javapath;C:\WINDOWS\system32;C:\WINDOWS;C:\WINDOWS\System32\Wbem;C:\WINDOWS\System32\WindowsPowerShell\v1.0\;C:\WINDOWS\System32\OpenSSH\;C:\Program Files\TortoiseSVN\bin;C:\Program Files\Microsoft SQL Server\120\Tools\Binn\;C:\Program Files\dotnet\;C:\Program Files\Microsoft SQL Server\130\Tools\Binn\;C:\Program Files (x86)\Vector ICD Manager 2.1\\Exec32;C:\Program Files\Intel\WiFi\bin\;C:\Program Files\Common Files\Intel\WirelessCommon\;C:\Program Files\Microsoft SQL Server\110\Tools\Binn\;C:\Program Files (x86)\Microsoft SDKs\TypeScript\1.0\;C:\Program Files (x86)\Microsoft Visual Studio\Shared\Python36_64\Scripts;C:\Program Files (x86)\Microsoft Visual Studio\Shared\Python36_64;C:\Program Files (x86)\Notepad++;C:\Program Files\Microsoft SQL Server\Client SDK\ODBC\170\Tools\Binn\;C:\Program Files\CMake\bin;C:\ProgramData\chocolatey\bin;C:\Program Files\Git\cmd;C:\Program Files\Microsoft VS Code\bin;C:\Program Files (x86)\Graphviz 2.28\bin;C:\Users\vjtkty\AppData\Local\Android\Sdk\platform-tools;C:\Program Files (x86)\Vector CANdb++ 3.1\Exec32;C:\Program Files (x86)\dotnet\;C:\Program Files (x86)\Intel\Intel(R) Management Engine Components\DAL;C:\Program Files\Intel\Intel(R) Management Engine Components\DAL;C:\Program Files (x86)\STMicroelectronics\STM32 ST-LINK Utility\ST-LINK Utility;C:\Program Files\Nordic Semiconductor\nrf-command-line-tools\bin\;C:\Program Files\ROHM\Matisse\mtsim\bin;C:\Program Files\ROHM\Matisse\C\bin;C;c:\Program Files (x86)\Microsoft SQL Server\90\Tools\binn\;C:\Program Files\Docker\Docker\resources\bin;C:\ProgramData\DockerDesktop\version-bin;C:\Users\vjtkty\AppData\Local\Programs\Python\Python39\Scripts\;C:\Users\vjtkty\AppData\Local\Programs\Python\Python39\;C:\Users\vjtkty\AppData\Local\Microsoft\WindowsApps;"C:\WINDOWS;C:\WINDOWSSystem32;C:\WINDOWSSystem32Wbem";C:\VCAST20_SP5\MinGW\bin;C:\Program Files (x86)\Notepad++;C:\Users\vjtkty\AppData\Local\GitHubDesktop\bin;C:\Users\vjtkty\.dotnet\tools;C:\Users\vjtkty\AppData\Local\Programs\Microsoft VS Code\bin
VCAST_MANAGE_PROJECT_DIRECTORY=C:\Git_tutorial\vcast\Tutorial
---------------------------End Process Environment----------------------------
VectorCAST Copyright (C) 1993 - 2021
**Version 21.sp3 (08/04/21)
    Processing options file c:\Git_tutorial\vcast\Tutorial\build\4211668324\CCAST_.CFG
    Opening Environment
    Opening Parameter/Global File
    Opening Types File
    Environment is Open
    Building Script File
    Script Building Completed
COMMAND: C:\VCAST\2021sp3\clicast.exe -e MANAGER test script create C:/Git_tutorial/vcast/Tutorial/build/4211668324/MANAGER.tst
DIRECTORY: C:/Git_tutorial/vcast/Tutorial/build/4211668324
TIME: 2021-09-14 13:35:01
TEST SUITE: VectorCAST_MinGW_C/TestSuite
-----------------------------Process Environment------------------------------
VCV_ENVIRONMENT_DIR=c:\Git_tutorial\vcast\Tutorial\build\4211668324\MANAGER
VCV_ENVIRONMENT_NAME=MANAGER
Path=C:\VCAST\2021sp3\MinGW\bin;C:\VCAST\2021sp3\MinGW\bin;C:\HighTec\toolchains\tricore\v4.9.2.0\bin;C:\HighTec\licensemanager;C:\HighTec\toolchains\tricore\v4.9.3.0\bin;C:\Program Files (x86)\GCC for Renesas RL78 4.9.2.201904-GNURL78-ELF\rl78-elf\rl78-elf\bin;C:\Program Files (x86)\GCC for Renesas RX 8.3.0.201904-GNURX-ELF\rx-elf\rx-elf\bin;C:\Program Files (x86)\Vector vFlash 6\Bin\Automation\;C:\Program Files\Python38\Scripts\;C:\Program Files\Python38\;D:\uti\HIGHTEC\toolchains\powerpc\v4.6.6.0\bin;D:\uti\HIGHTEC/licensemanager;C:\oracle\product\12.2.0\client_1\bin;C:\Program Files (x86)\Common Files\Oracle\Java\javapath;C:\WINDOWS\system32;C:\WINDOWS;C:\WINDOWS\System32\Wbem;C:\WINDOWS\System32\WindowsPowerShell\v1.0\;C:\WINDOWS\System32\OpenSSH\;C:\Program Files\TortoiseSVN\bin;C:\Program Files\Microsoft SQL Server\120\Tools\Binn\;C:\Program Files\dotnet\;C:\Program Files\Microsoft SQL Server\130\Tools\Binn\;C:\Program Files (x86)\Vector ICD Manager 2.1\\Exec32;C:\Program Files\Intel\WiFi\bin\;C:\Program Files\Common Files\Intel\WirelessCommon\;C:\Program Files\Microsoft SQL Server\110\Tools\Binn\;C:\Program Files (x86)\Microsoft SDKs\TypeScript\1.0\;C:\Program Files (x86)\Microsoft Visual Studio\Shared\Python36_64\Scripts;C:\Program Files (x86)\Microsoft Visual Studio\Shared\Python36_64;C:\Program Files (x86)\Notepad++;C:\Program Files\Microsoft SQL Server\Client SDK\ODBC\170\Tools\Binn\;C:\Program Files\CMake\bin;C:\ProgramData\chocolatey\bin;C:\Program Files\Git\cmd;C:\Program Files\Microsoft VS Code\bin;C:\Program Files (x86)\Graphviz 2.28\bin;C:\Users\vjtkty\AppData\Local\Android\Sdk\platform-tools;C:\Program Files (x86)\Vector CANdb++ 3.1\Exec32;C:\Program Files (x86)\dotnet\;C:\Program Files (x86)\Intel\Intel(R) Management Engine Components\DAL;C:\Program Files\Intel\Intel(R) Management Engine Components\DAL;C:\Program Files (x86)\STMicroelectronics\STM32 ST-LINK Utility\ST-LINK Utility;C:\Program Files\Nordic Semiconductor\nrf-command-line-tools\bin\;C:\Program Files\ROHM\Matisse\mtsim\bin;C:\Program Files\ROHM\Matisse\C\bin;C;c:\Program Files (x86)\Microsoft SQL Server\90\Tools\binn\;C:\Program Files\Docker\Docker\resources\bin;C:\ProgramData\DockerDesktop\version-bin;C:\Users\vjtkty\AppData\Local\Programs\Python\Python39\Scripts\;C:\Users\vjtkty\AppData\Local\Programs\Python\Python39\;C:\Users\vjtkty\AppData\Local\Microsoft\WindowsApps;"C:\WINDOWS;C:\WINDOWSSystem32;C:\WINDOWSSystem32Wbem";C:\VCAST20_SP5\MinGW\bin;C:\Program Files (x86)\Notepad++;C:\Users\vjtkty\AppData\Local\GitHubDesktop\bin;C:\Users\vjtkty\.dotnet\tools;C:\Users\vjtkty\AppData\Local\Programs\Microsoft VS Code\bin
VCAST_MANAGE_PROJECT_DIRECTORY=C:\Git_tutorial\vcast\Tutorial
---------------------------End Process Environment----------------------------
VectorCAST Copyright (C) 1993 - 2021
**Version 21.sp3 (08/04/21)
    Processing options file c:\Git_tutorial\vcast\Tutorial\build\4211668324\CCAST_.CFG
    Opening Environment
    Opening Parameter/Global File
    Opening Types File
    Environment is Open
    Creating Script File
    Building Test Case Script
    Test Case Script Created
    Script processing completed
